<?xml version="1.0" encoding="utf-8"?><testsuites name="pytest tests"><testsuite name="pytest" errors="0" failures="0" skipped="0" tests="23" time="4.032" timestamp="2026-05-09T15:27:20.016008+00:00" hostname="agent-env-b1fc0358-c94f-45e7-8dec-e750df86d919"><testcase classname="backend.tests.test_veritas_api.TestHealth" name="test_root_health" time="0.196" /><testcase classname="backend.tests.test_veritas_api.TestScholarships" name="test_list_all" time="0.109" /><testcase classname="backend.tests.test_veritas_api.TestScholarships" name="test_filter_by_level_masters" time="0.145" /><testcase classname="backend.tests.test_veritas_api.TestScholarships" name="test_filter_by_country_south_korea" time="0.104" /><testcase classname="backend.tests.test_veritas_api.TestScholarships" name="test_search_q_korea" time="0.107" /><testcase classname="backend.tests.test_veritas_api.TestBookings" name="test_create_booking_ps_sop" time="0.136" /><testcase classname="backend.tests.test_veritas_api.TestBookings" name="test_create_booking_invalid_package" time="0.130" /><testcase classname="backend.tests.test_veritas_api.TestApplications" name="test_create_application" time="0.172" /><testcase classname="backend.tests.test_veritas_api.TestApostille" name="test_create_apostille_price" time="0.165" /><testcase classname="backend.tests.test_veritas_api.TestApostille" name="test_apostille_doc_count_validation" time="0.133" /><testcase classname="backend.tests.test_veritas_api.TestContact" name="test_create_contact" time="0.143" /><testcase classname="backend.tests.test_veritas_api.TestAuth" name="test_login_success" time="0.400" /><testcase classname="backend.tests.test_veritas_api.TestAuth" name="test_login_wrong_password" time="0.353" /><testcase classname="backend.tests.test_veritas_api.TestAuth" name="test_admin_endpoints_require_token" time="0.148" /><testcase classname="backend.tests.test_veritas_api.TestAdmin" name="test_stats" time="0.465" /><testcase classname="backend.tests.test_veritas_api.TestAdmin" name="test_list_kind[bookings]" time="0.108" /><testcase classname="backend.tests.test_veritas_api.TestAdmin" name="test_list_kind[applications]" time="0.106" /><testcase classname="backend.tests.test_veritas_api.TestAdmin" name="test_list_kind[apostille]" time="0.097" /><testcase classname="backend.tests.test_veritas_api.TestAdmin" name="test_list_kind[messages]" time="0.111" /><testcase classname="backend.tests.test_veritas_api.TestAdmin" name="test_unknown_kind_404" time="0.135" /><testcase classname="backend.tests.test_veritas_api.TestAdmin" name="test_patch_booking_status" time="0.274" /><testcase classname="backend.tests.test_veritas_api.TestAdmin" name="test_patch_unknown_id_404" time="0.132" /><testcase classname="backend.tests.test_veritas_api.TestAdmin" name="test_export_csv_bookings" time="0.102" /></testsuite></testsuites>